[14:09:04] [main/INFO]: Setting user: Player842
[14:09:09] [main/WARN]: Skipping bad option: lastServer:
[14:09:09] [main/INFO]: LWJGL Version: 2.9.4
[14:09:13] [main/INFO]: Reloading ResourceManager: Default, FMLFileResourcePack:Forge Mod Loader, FMLFileResourcePack:Minecraft Forge, FMLFileResourcePack:Molecule Force Mod
[14:09:17] [Sound Library Loader/INFO]: Starting up SoundSystem...
[14:09:17] [Thread-5/INFO]: Initializing LWJGL OpenAL
[14:09:17] [Thread-5/INFO]: (The LWJGL binding of OpenAL.  For more information, see http://www.lwjgl.org)
[14:09:17] [Thread-5/INFO]: OpenAL initialized.
[14:09:17] [Sound Library Loader/INFO]: Sound engine started
[14:09:22] [main/INFO]: Created: 512x512 textures-atlas
[14:09:24] [main/WARN]: Skipping bad option: lastServer:
[14:09:24] [main/INFO]: Narrator library for x64 successfully loaded
[14:09:26] [Realms Notification Availability checker #1/INFO]: Could not authorize you against Realms server: Invalid session id
[14:09:31] [Server thread/INFO]: Starting integrated minecraft server version 1.12.2
[14:09:31] [Server thread/INFO]: Generating keypair
[14:09:32] [Server thread/INFO]: Loaded 488 advancements
[14:09:32] [Server thread/INFO]: Preparing start region for level 0
[14:09:33] [Server thread/INFO]: Changing view distance to 2, from 10
[14:09:34] [Server thread/INFO]: Player842[local:E:99efc50c] logged in with entity id 113 at (-1489.120745866175, 60.62422306388638, -450.990866208339)
[14:09:34] [Server thread/INFO]: Player842 joined the game
[14:09:35] [Server thread/INFO]: Saving and pausing game...
[14:09:35] [Server thread/INFO]: Saving chunks for level 'New World'/overworld
[14:09:35] [Server thread/INFO]: Saving chunks for level 'New World'/the_nether
[14:09:35] [Server thread/INFO]: Saving chunks for level 'New World'/the_end
[14:09:36] [pool-2-thread-1/WARN]: Couldn't look up profile properties for com.mojang.authlib.GameProfile@1018966[id=e1c2252e-de3a-347e-acbe-9244e7d23afc,name=Player842,properties={},legacy=false]
com.mojang.authlib.exceptions.AuthenticationException: The client has sent too many requests within a certain amount of time
	at com.mojang.authlib.yggdrasil.YggdrasilAuthenticationService.makeRequest(YggdrasilAuthenticationService.java:79) ~[YggdrasilAuthenticationService.class:?]
	at com.mojang.authlib.yggdrasil.YggdrasilMinecraftSessionService.fillGameProfile(YggdrasilMinecraftSessionService.java:180) [YggdrasilMinecraftSessionService.class:?]
	at com.mojang.authlib.yggdrasil.YggdrasilMinecraftSessionService$1.load(YggdrasilMinecraftSessionService.java:60) [YggdrasilMinecraftSessionService$1.class:?]
	at com.mojang.authlib.yggdrasil.YggdrasilMinecraftSessionService$1.load(YggdrasilMinecraftSessionService.java:57) [YggdrasilMinecraftSessionService$1.class:?]
	at com.google.common.cache.LocalCache$LoadingValueReference.loadFuture(LocalCache.java:3716) [guava-21.0.jar:?]
	at com.google.common.cache.LocalCache$Segment.loadSync(LocalCache.java:2424) [guava-21.0.jar:?]
	at com.google.common.cache.LocalCache$Segment.lockedGetOrLoad(LocalCache.java:2298) [guava-21.0.jar:?]
	at com.google.common.cache.LocalCache$Segment.get(LocalCache.java:2211) [guava-21.0.jar:?]
	at com.google.common.cache.LocalCache.get(LocalCache.java:4154) [guava-21.0.jar:?]
	at com.google.common.cache.LocalCache.getOrLoad(LocalCache.java:4158) [guava-21.0.jar:?]
	at com.google.common.cache.LocalCache$LocalLoadingCache.get(LocalCache.java:5147) [guava-21.0.jar:?]
	at com.google.common.cache.LocalCache$LocalLoadingCache.getUnchecked(LocalCache.java:5153) [guava-21.0.jar:?]
	at com.mojang.authlib.yggdrasil.YggdrasilMinecraftSessionService.fillProfileProperties(YggdrasilMinecraftSessionService.java:170) [YggdrasilMinecraftSessionService.class:?]
	at net.minecraft.client.Minecraft.getProfileProperties(Minecraft.java:3170) [Minecraft.class:?]
	at net.minecraft.client.resources.SkinManager$3.run(SkinManager.java:138) [SkinManager$3.class:?]
	at java.util.concurrent.Executors$RunnableAdapter.call(Executors.java:511) [?:1.8.0_121]
	at java.util.concurrent.FutureTask.run(FutureTask.java:266) [?:1.8.0_121]
	at java.util.concurrent.ThreadPoolExecutor.runWorker(ThreadPoolExecutor.java:1142) [?:1.8.0_121]
	at java.util.concurrent.ThreadPoolExecutor$Worker.run(ThreadPoolExecutor.java:617) [?:1.8.0_121]
	at java.lang.Thread.run(Thread.java:745) [?:1.8.0_121]
[14:10:03] [Server thread/INFO]: [Player842: Toggled downfall]
[14:10:03] [main/INFO]: [CHAT] Toggled downfall
[14:11:59] [Server thread/INFO]: Saving and pausing game...
[14:11:59] [Server thread/INFO]: Saving chunks for level 'New World'/overworld
[14:11:59] [Server thread/INFO]: Saving chunks for level 'New World'/the_nether
[14:11:59] [Server thread/INFO]: Saving chunks for level 'New World'/the_end
[14:12:03] [Server thread/INFO]: Stopping server
[14:12:03] [Server thread/INFO]: Saving players
[14:12:03] [Server thread/INFO]: Player842 lost connection: Disconnected
[14:12:03] [Server thread/INFO]: Player842 left the game
[14:12:03] [Server thread/INFO]: Stopping singleplayer server as player logged out
[14:12:03] [Server thread/INFO]: Saving worlds
[14:12:03] [Server thread/INFO]: Saving chunks for level 'New World'/overworld
[14:12:03] [Server thread/INFO]: Saving chunks for level 'New World'/the_nether
[14:12:03] [Server thread/INFO]: Saving chunks for level 'New World'/the_end
[14:12:06] [main/INFO]: Stopping!
[14:12:06] [main/INFO]: SoundSystem shutting down...
[14:12:06] [main/WARN]: Author: Paul Lamb, www.paulscode.com
